[2019-12-01T00:37:38.386Z] starting `/usr/local/lib/heroku/bin/heroku update --autoupdate` from /usr/local/lib/heroku/bin/run version
waiting until 2019-12-01T01:37:38.377Z to update
waiting until 2019-12-01T01:38:08.465Z to update
waiting until 2019-12-01T01:39:37.414Z to update
waiting until 2019-12-01T01:39:37.414Z to update
waiting until 2019-12-01T01:39:37.414Z to update
waiting until 2019-12-01T01:39:37.414Z to update
waiting until 2019-12-01T01:39:37.414Z to update
waiting until 2019-12-01T01:39:37.414Z to update
waiting until 2019-12-01T01:39:37.414Z to update
waiting until 2019-12-01T01:39:37.414Z to update
waiting until 2019-12-01T01:39:37.414Z to update
waiting until 2019-12-01T01:39:37.414Z to update
waiting until 2019-12-01T01:39:37.414Z to update
waiting until 2019-12-01T01:39:37.414Z to update
waiting until 2019-12-01T01:39:37.414Z to update
waiting until 2019-12-01T01:39:37.414Z to update
waiting until 2019-12-01T01:39:37.414Z to update
waiting until 2019-12-01T01:39:37.414Z to update
waiting until 2019-12-01T01:39:37.414Z to update
time to update
heroku: Updating CLI... already on latest version: 7.35.0
Updating completions...
Updating completions... done
